Configuration file: /Users/pedro1798/Desktop/study/ComputerScience/pedro1798.github.io/_config.yml
            Source: /Users/pedro1798/Desktop/study/ComputerScience/pedro1798.github.io
       Destination: /Users/pedro1798/Desktop/study/ComputerScience/pedro1798.github.io/_site
 Incremental build: disabled. Enable with --incremental
      Generating... 
       Jekyll Feed: Generating feed for posts
                    done in 0.308 seconds.
 Auto-regeneration: enabled for '/Users/pedro1798/Desktop/study/ComputerScience/pedro1798.github.io'
    Server address: http://127.0.0.1:4000
  Server running... press ctrl-c to stop.
/Users/pedro1798/.rbenv/versions/3.3.6/lib/ruby/3.3.0/bundler/shared_helpers.rb:60:in `getwd': Operation not permitted - getcwd (Errno::EPERM)
	from /Users/pedro1798/.rbenv/versions/3.3.6/lib/ruby/3.3.0/bundler/shared_helpers.rb:60:in `pwd'
	from /Users/pedro1798/.rbenv/versions/3.3.6/lib/ruby/3.3.0/bundler/shared_helpers.rb:60:in `block in pwd'
	from /Users/pedro1798/.rbenv/versions/3.3.6/lib/ruby/3.3.0/bundler/shared_helpers.rb:59:in `synchronize'
	from /Users/pedro1798/.rbenv/versions/3.3.6/lib/ruby/3.3.0/bundler/shared_helpers.rb:59:in `pwd'
	from /Users/pedro1798/.rbenv/versions/3.3.6/lib/ruby/3.3.0/bundler/source/git/git_proxy.rb:387:in `run_command'
	from /Users/pedro1798/.rbenv/versions/3.3.6/lib/ruby/3.3.0/bundler/source/git/git_proxy.rb:301:in `git_local'
	from /Users/pedro1798/.rbenv/versions/3.3.6/lib/ruby/3.3.0/bundler/source/git/git_proxy.rb:105:in `full_version'
	from /Users/pedro1798/.rbenv/versions/3.3.6/lib/ruby/3.3.0/bundler/env.rb:76:in `git_version'
	from /Users/pedro1798/.rbenv/versions/3.3.6/lib/ruby/3.3.0/bundler/env.rb:114:in `environment'
	from /Users/pedro1798/.rbenv/versions/3.3.6/lib/ruby/3.3.0/bundler/env.rb:17:in `report'
	from /Users/pedro1798/.rbenv/versions/3.3.6/lib/ruby/3.3.0/bundler/friendly_errors.rb:71:in `request_issue_report_for'
	from /Users/pedro1798/.rbenv/versions/3.3.6/lib/ruby/3.3.0/bundler/friendly_errors.rb:50:in `log_error'
	from /Users/pedro1798/.rbenv/versions/3.3.6/lib/ruby/3.3.0/bundler/friendly_errors.rb:123:in `rescue in with_friendly_errors'
	from /Users/pedro1798/.rbenv/versions/3.3.6/lib/ruby/3.3.0/bundler/friendly_errors.rb:115:in `with_friendly_errors'
	from /Users/pedro1798/.rbenv/versions/3.3.6/lib/ruby/gems/3.3.0/gems/bundler-2.5.22/exe/bundle:20:in `<top (required)>'
	from /Users/pedro1798/.rbenv/versions/3.3.6/bin/bundle:25:in `load'
	from /Users/pedro1798/.rbenv/versions/3.3.6/bin/bundle:25:in `<main>'
/Users/pedro1798/.rbenv/versions/3.3.6/lib/ruby/3.3.0/bundler/shared_helpers.rb:60:in `getwd': Operation not permitted - getcwd (Errno::EPERM)
	from /Users/pedro1798/.rbenv/versions/3.3.6/lib/ruby/3.3.0/bundler/shared_helpers.rb:60:in `pwd'
	from /Users/pedro1798/.rbenv/versions/3.3.6/lib/ruby/3.3.0/bundler/shared_helpers.rb:60:in `block in pwd'
	from /Users/pedro1798/.rbenv/versions/3.3.6/lib/ruby/3.3.0/bundler/shared_helpers.rb:59:in `synchronize'
	from /Users/pedro1798/.rbenv/versions/3.3.6/lib/ruby/3.3.0/bundler/shared_helpers.rb:59:in `pwd'
	from /Users/pedro1798/.rbenv/versions/3.3.6/lib/ruby/3.3.0/bundler/shared_helpers.rb:272:in `search_up'
	from /Users/pedro1798/.rbenv/versions/3.3.6/lib/ruby/3.3.0/bundler/shared_helpers.rb:141:in `print_major_deprecations!'
	from /Users/pedro1798/.rbenv/versions/3.3.6/lib/ruby/3.3.0/bundler/cli.rb:31:in `ensure in start'
	from /Users/pedro1798/.rbenv/versions/3.3.6/lib/ruby/3.3.0/bundler/cli.rb:31:in `start'
	from /Users/pedro1798/.rbenv/versions/3.3.6/lib/ruby/gems/3.3.0/gems/bundler-2.5.22/exe/bundle:28:in `block in <top (required)>'
	from /Users/pedro1798/.rbenv/versions/3.3.6/lib/ruby/3.3.0/bundler/friendly_errors.rb:117:in `with_friendly_errors'
	from /Users/pedro1798/.rbenv/versions/3.3.6/lib/ruby/gems/3.3.0/gems/bundler-2.5.22/exe/bundle:20:in `<top (required)>'
	from /Users/pedro1798/.rbenv/versions/3.3.6/bin/bundle:25:in `load'
	from /Users/pedro1798/.rbenv/versions/3.3.6/bin/bundle:25:in `<main>'
/Users/pedro1798/.rbenv/versions/3.3.6/lib/ruby/gems/3.3.0/gems/jekyll-3.10.0/lib/jekyll/commands/serve.rb:312:in `join': SIGTERM (SignalException)
	from /Users/pedro1798/.rbenv/versions/3.3.6/lib/ruby/gems/3.3.0/gems/jekyll-3.10.0/lib/jekyll/commands/serve.rb:312:in `boot_or_detach'
	from /Users/pedro1798/.rbenv/versions/3.3.6/lib/ruby/gems/3.3.0/gems/jekyll-3.10.0/lib/jekyll/commands/serve.rb:234:in `start_up_webrick'
	from /Users/pedro1798/.rbenv/versions/3.3.6/lib/ruby/gems/3.3.0/gems/jekyll-3.10.0/lib/jekyll/commands/serve.rb:104:in `process'
	from /Users/pedro1798/.rbenv/versions/3.3.6/lib/ruby/gems/3.3.0/gems/jekyll-3.10.0/lib/jekyll/commands/serve.rb:93:in `block in start'
	from /Users/pedro1798/.rbenv/versions/3.3.6/lib/ruby/gems/3.3.0/gems/jekyll-3.10.0/lib/jekyll/commands/serve.rb:93:in `each'
	from /Users/pedro1798/.rbenv/versions/3.3.6/lib/ruby/gems/3.3.0/gems/jekyll-3.10.0/lib/jekyll/commands/serve.rb:93:in `start'
	from /Users/pedro1798/.rbenv/versions/3.3.6/lib/ruby/gems/3.3.0/gems/jekyll-3.10.0/lib/jekyll/commands/serve.rb:75:in `block (2 levels) in init_with_program'
	from /Users/pedro1798/.rbenv/versions/3.3.6/lib/ruby/gems/3.3.0/gems/mercenary-0.3.6/lib/mercenary/command.rb:220:in `block in execute'
	from /Users/pedro1798/.rbenv/versions/3.3.6/lib/ruby/gems/3.3.0/gems/mercenary-0.3.6/lib/mercenary/command.rb:220:in `each'
	from /Users/pedro1798/.rbenv/versions/3.3.6/lib/ruby/gems/3.3.0/gems/mercenary-0.3.6/lib/mercenary/command.rb:220:in `execute'
	from /Users/pedro1798/.rbenv/versions/3.3.6/lib/ruby/gems/3.3.0/gems/mercenary-0.3.6/lib/mercenary/program.rb:42:in `go'
	from /Users/pedro1798/.rbenv/versions/3.3.6/lib/ruby/gems/3.3.0/gems/mercenary-0.3.6/lib/mercenary.rb:19:in `program'
	from /Users/pedro1798/.rbenv/versions/3.3.6/lib/ruby/gems/3.3.0/gems/jekyll-3.10.0/exe/jekyll:15:in `<top (required)>'
	from /Users/pedro1798/.rbenv/versions/3.3.6/bin/jekyll:25:in `load'
	from /Users/pedro1798/.rbenv/versions/3.3.6/bin/jekyll:25:in `<top (required)>'
	from /Users/pedro1798/.rbenv/versions/3.3.6/lib/ruby/3.3.0/bundler/cli/exec.rb:58:in `load'
	from /Users/pedro1798/.rbenv/versions/3.3.6/lib/ruby/3.3.0/bundler/cli/exec.rb:58:in `kernel_load'
	from /Users/pedro1798/.rbenv/versions/3.3.6/lib/ruby/3.3.0/bundler/cli/exec.rb:23:in `run'
	from /Users/pedro1798/.rbenv/versions/3.3.6/lib/ruby/3.3.0/bundler/cli.rb:455:in `exec'
	from /Users/pedro1798/.rbenv/versions/3.3.6/lib/ruby/3.3.0/bundler/vendor/thor/lib/thor/command.rb:28:in `run'
	from /Users/pedro1798/.rbenv/versions/3.3.6/lib/ruby/3.3.0/bundler/vendor/thor/lib/thor/invocation.rb:127:in `invoke_command'
	from /Users/pedro1798/.rbenv/versions/3.3.6/lib/ruby/3.3.0/bundler/vendor/thor/lib/thor.rb:527:in `dispatch'
	from /Users/pedro1798/.rbenv/versions/3.3.6/lib/ruby/3.3.0/bundler/cli.rb:35:in `dispatch'
	from /Users/pedro1798/.rbenv/versions/3.3.6/lib/ruby/3.3.0/bundler/vendor/thor/lib/thor/base.rb:584:in `start'
	from /Users/pedro1798/.rbenv/versions/3.3.6/lib/ruby/3.3.0/bundler/cli.rb:29:in `start'
	from /Users/pedro1798/.rbenv/versions/3.3.6/lib/ruby/gems/3.3.0/gems/bundler-2.5.22/exe/bundle:28:in `block in <top (required)>'
	from /Users/pedro1798/.rbenv/versions/3.3.6/lib/ruby/3.3.0/bundler/friendly_errors.rb:117:in `with_friendly_errors'
	from /Users/pedro1798/.rbenv/versions/3.3.6/lib/ruby/gems/3.3.0/gems/bundler-2.5.22/exe/bundle:20:in `<top (required)>'
	from /Users/pedro1798/.rbenv/versions/3.3.6/bin/bundle:25:in `load'
	from /Users/pedro1798/.rbenv/versions/3.3.6/bin/bundle:25:in `<main>'
